Build started 2023/3/22 20:43:16.
     1>Project "D:\1New\wangdaoDataStructure\008Sort\008Sort\008Sort.vcxproj" on node 2 (build target(s)).
     1>InitializeBuildStatus:
         Creating "Debug\008Sort.unsuccessfulbuild" because "AlwaysCreate" was specified.
       ClCompile:
         D:\1New\vs2010\VC\bin\CL.exe /c /ZI /nologo /W3 /WX- /Od /Oy- /D _MBCS /Gm /EHsc /RTC1 /MDd /GS /fp:precise /Zc:wchar_t /Zc:forScope /Fo"Debug\\" /Fd"Debug\vc100.pdb" /Gd /TP /analyze- /errorReport:prompt main.cpp
         main.cpp
       Link:
         D:\1New\vs2010\VC\bin\link.exe /ERRORREPORT:PROMPT /OUT:"D:\1New\wangdaoDataStructure\002SequenceList\Debug\008Sort.exe" /NOLOGO kernel32.lib user32.lib gdi32.lib winspool.lib comdlg32.lib advapi32.lib shell32.lib ole32.lib oleaut32.lib uuid.lib odbc32.lib odbccp32.lib /MANIFEST /ManifestFile:"Debug\008Sort.exe.intermediate.manifest" /MANIFESTUAC:"level='asInvoker' uiAccess='false'" /DEBUG /PDB:"D:\1New\wangdaoDataStructure\002SequenceList\Debug\008Sort.pdb" /TLBID:1 /DYNAMICBASE /NXCOMPAT /IMPLIB:"D:\1New\wangdaoDataStructure\002SequenceList\Debug\008Sort.lib" /MACHINE:X86 Debug\001InsertSort.obj
         Debug\002SwapSort.obj
         Debug\003SelectionSort.obj
         Debug\main.obj
         LINK : D:\1New\wangdaoDataStructure\002SequenceList\Debug\008Sort.exe not found or not built by the last incremental link; performing full link
         008Sort.vcxproj -> D:\1New\wangdaoDataStructure\002SequenceList\Debug\008Sort.exe
       Manifest:
         C:\Program Files (x86)\Microsoft SDKs\Windows\v7.0A\bin\mt.exe /nologo /verbose /outputresource:"D:\1New\wangdaoDataStructure\002SequenceList\Debug\008Sort.exe;#1" /manifest Debug\008Sort.exe.intermediate.manifest
       FinalizeBuildStatus:
         Deleting file "Debug\008Sort.unsuccessfulbuild".
         Touching "Debug\008Sort.lastbuildstate".
     1>Done Building Project "D:\1New\wangdaoDataStructure\008Sort\008Sort\008Sort.vcxproj" (build target(s)).

Build succeeded.

Time Elapsed 00:00:01.42
