Build started 2023/3/22 15:20:11.
     1>Project "D:\1New\wangdaoDataStructure\002SequenceList\007Search\007Search.vcxproj" on node 2 (build target(s)).
     1>InitializeBuildStatus:
         Creating "Debug\007Search.unsuccessfulbuild" because "AlwaysCreate" was specified.
       ClCompile:
         D:\1New\vs2010\VC\bin\CL.exe /c /ZI /nologo /W3 /WX- /Od /Oy- /D _MBCS /Gm /EHsc /RTC1 /MDd /GS /fp:precise /Zc:wchar_t /Zc:forScope /Fo"Debug\\" /Fd"Debug\vc100.pdb" /Gd /TP /analyze- /errorReport:prompt main.cpp
         main.cpp
     1>d:\1new\wangdaodatastructure\002sequencelist\007search\main.cpp(43): warning C4996: 'scanf': This function or variable may be unsafe. Consider using scanf_s instead. To disable deprecation, use _CRT_SECURE_NO_WARNINGS. See online help for details.
                 d:\1new\vs2010\vc\include\stdio.h(304) : see declaration of 'scanf'
     1>d:\1new\wangdaodatastructure\002sequencelist\007search\main.cpp(54): warning C4996: 'scanf': This function or variable may be unsafe. Consider using scanf_s instead. To disable deprecation, use _CRT_SECURE_NO_WARNINGS. See online help for details.
                 d:\1new\vs2010\vc\include\stdio.h(304) : see declaration of 'scanf'
       Link:
         D:\1New\vs2010\VC\bin\link.exe /ERRORREPORT:PROMPT /OUT:"D:\1New\wangdaoDataStructure\002SequenceList\Debug\007Search.exe" /NOLOGO kernel32.lib user32.lib gdi32.lib winspool.lib comdlg32.lib advapi32.lib shell32.lib ole32.lib oleaut32.lib uuid.lib odbc32.lib odbccp32.lib /MANIFEST /ManifestFile:"Debug\007Search.exe.intermediate.manifest" /MANIFESTUAC:"level='asInvoker' uiAccess='false'" /DEBUG /PDB:"D:\1New\wangdaoDataStructure\002SequenceList\Debug\007Search.pdb" /TLBID:1 /DYNAMICBASE /NXCOMPAT /IMPLIB:"D:\1New\wangdaoDataStructure\002SequenceList\Debug\007Search.lib" /MACHINE:X86 Debug\001SequenceAndBinarySearch.obj
         Debug\main.obj
         LINK : D:\1New\wangdaoDataStructure\002SequenceList\Debug\007Search.exe not found or not built by the last incremental link; performing full link
         007Search.vcxproj -> D:\1New\wangdaoDataStructure\002SequenceList\Debug\007Search.exe
       Manifest:
         C:\Program Files (x86)\Microsoft SDKs\Windows\v7.0A\bin\mt.exe /nologo /verbose /outputresource:"D:\1New\wangdaoDataStructure\002SequenceList\Debug\007Search.exe;#1" /manifest Debug\007Search.exe.intermediate.manifest
       FinalizeBuildStatus:
         Deleting file "Debug\007Search.unsuccessfulbuild".
         Touching "Debug\007Search.lastbuildstate".
     1>Done Building Project "D:\1New\wangdaoDataStructure\002SequenceList\007Search\007Search.vcxproj" (build target(s)).

Build succeeded.

Time Elapsed 00:00:00.81
