Build started 2023/3/21 9:58:45.
     1>Project "D:\1New\wangdaoDataStructure\002SequenceList\001LinkList\001LinkList.vcxproj" on node 2 (build target(s)).
     1>InitializeBuildStatus:
         Creating "Debug\001LinkList.unsuccessfulbuild" because "AlwaysCreate" was specified.
       ClCompile:
         D:\1New\vs2010\VC\bin\CL.exe /c /ZI /nologo /W3 /WX- /Od /Oy- /D _MBCS /Gm /EHsc /RTC1 /MDd /GS /fp:precise /Zc:wchar_t /Zc:forScope /Fo"Debug\\" /Fd"Debug\vc100.pdb" /Gd /TP /analyze- /errorReport:prompt 001LinkList.cpp
         001LinkList.cpp
     1>d:\1new\wangdaodatastructure\002sequencelist\001linklist\001linklist.cpp(16): warning C4996: 'scanf': This function or variable may be unsafe. Consider using scanf_s instead. To disable deprecation, use _CRT_SECURE_NO_WARNINGS. See online help for details.
                 d:\1new\vs2010\vc\include\stdio.h(304) : see declaration of 'scanf'
     1>d:\1new\wangdaodatastructure\002sequencelist\001linklist\001linklist.cpp(22): warning C4996: 'scanf': This function or variable may be unsafe. Consider using scanf_s instead. To disable deprecation, use _CRT_SECURE_NO_WARNINGS. See online help for details.
                 d:\1new\vs2010\vc\include\stdio.h(304) : see declaration of 'scanf'
     1>d:\1new\wangdaodatastructure\002sequencelist\001linklist\001linklist.cpp(35): warning C4996: 'scanf': This function or variable may be unsafe. Consider using scanf_s instead. To disable deprecation, use _CRT_SECURE_NO_WARNINGS. See online help for details.
                 d:\1new\vs2010\vc\include\stdio.h(304) : see declaration of 'scanf'
     1>d:\1new\wangdaodatastructure\002sequencelist\001linklist\001linklist.cpp(43): warning C4996: 'scanf': This function or variable may be unsafe. Consider using scanf_s instead. To disable deprecation, use _CRT_SECURE_NO_WARNINGS. See online help for details.
                 d:\1new\vs2010\vc\include\stdio.h(304) : see declaration of 'scanf'
       Link:
         D:\1New\vs2010\VC\bin\link.exe /ERRORREPORT:PROMPT /OUT:"D:\1New\wangdaoDataStructure\002SequenceList\Debug\001LinkList.exe" /NOLOGO kernel32.lib user32.lib gdi32.lib winspool.lib comdlg32.lib advapi32.lib shell32.lib ole32.lib oleaut32.lib uuid.lib odbc32.lib odbccp32.lib /MANIFEST /ManifestFile:"Debug\001LinkList.exe.intermediate.manifest" /MANIFESTUAC:"level='asInvoker' uiAccess='false'" /DEBUG /PDB:"D:\1New\wangdaoDataStructure\002SequenceList\Debug\001LinkList.pdb" /TLBID:1 /DYNAMICBASE /NXCOMPAT /IMPLIB:"D:\1New\wangdaoDataStructure\002SequenceList\Debug\001LinkList.lib" /MACHINE:X86 Debug\001LinkList.obj
         LINK : D:\1New\wangdaoDataStructure\002SequenceList\Debug\001LinkList.exe not found or not built by the last incremental link; performing full link
         001LinkList.vcxproj -> D:\1New\wangdaoDataStructure\002SequenceList\Debug\001LinkList.exe
       Manifest:
         C:\Program Files (x86)\Microsoft SDKs\Windows\v7.0A\bin\mt.exe /nologo /verbose /outputresource:"D:\1New\wangdaoDataStructure\002SequenceList\Debug\001LinkList.exe;#1" /manifest Debug\001LinkList.exe.intermediate.manifest
       FinalizeBuildStatus:
         Deleting file "Debug\001LinkList.unsuccessfulbuild".
         Touching "Debug\001LinkList.lastbuildstate".
     1>Done Building Project "D:\1New\wangdaoDataStructure\002SequenceList\001LinkList\001LinkList.vcxproj" (build target(s)).

Build succeeded.

Time Elapsed 00:00:02.31
